#
# There is insufficient memory for the Java Runtime Environment to continue.
# Native memory allocation (malloc) failed to allocate 32744 bytes for ChunkPool::allocate
# Possible reasons:
#   The system is out of physical RAM or swap space
#   The process is running with CompressedOops enabled, and the Java Heap may be blocking the growth of the native heap
# Possible solutions:
#   Reduce memory load on the system
#   Increase physical memory or swap space
#   Check if swap backing store is full
#   Decrease Java heap size (-Xmx/-Xms)
#   Decrease number of Java threads
#   Decrease Java thread stack sizes (-Xss)
#   Set larger code cache with -XX:ReservedCodeCacheSize=
#   JVM is running with Unscaled Compressed Oops mode in which the Java heap is
#     placed in the first 4GB address space. The Java Heap base address is the
#     maximum limit for the native heap growth. Please use -XX:HeapBaseMinAddress
#     to set the Java Heap base and to place the Java Heap above 4GB virtual address.
# This output file may be truncated or incomplete.
#
#  Out of Memory Error (allocation.cpp:272), pid=12280, tid=0x0000000000002e48
#
# JRE version: OpenJDK Runtime Environment (8.0_242-b01) (build 1.8.0_242-release-1644-b01)
# Java VM: OpenJDK 64-Bit Server VM (25.242-b01 mixed mode windows-amd64 compressed oops)
# Failed to write core dump. Minidumps are not enabled by default on client versions of Windows
#

---------------  T H R E A D  ---------------

Current thread (0x00000000176b2000):  JavaThread "C1 CompilerThread2" daemon [_thread_in_native, id=11848, stack(0x0000000018ef0000,0x0000000018ff0000)]

Stack: [0x0000000018ef0000,0x0000000018ff0000]
[error occurred during error reporting (printing stack bounds), id 0xc0000005]

Native frames: (J=compiled Java code, j=interpreted, Vv=VM code, C=native code)


Current CompileTask:
C1:  64540 16303 %     3       com.android.tools.r8.ir.optimize.l::r @ 8 (2050 bytes)


---------------  P R O C E S S  ---------------

Java Threads: ( => current thread )
  0x00000000190f1800 JavaThread "stdout" [_thread_in_native, id=8152, stack(0x000000002ea00000,0x000000002eb00000)]
  0x000000002493a000 JavaThread "stderr" [_thread_in_native, id=8788, stack(0x000000002e900000,0x000000002ea00000)]
  0x0000000024939000 JavaThread "stdout" [_thread_in_native, id=13836, stack(0x000000002e800000,0x000000002e900000)]
  0x000000002493b000 JavaThread "stderr" [_thread_in_native, id=8912, stack(0x000000002e700000,0x000000002e800000)]
  0x000000002493f800 JavaThread "stdout" [_thread_in_native, id=14552, stack(0x000000002e600000,0x000000002e700000)]
  0x000000002493e000 JavaThread "stderr" [_thread_in_native, id=12760, stack(0x000000002e500000,0x000000002e600000)]
  0x000000002493c800 JavaThread "stdout" [_thread_in_native, id=10608, stack(0x000000002e400000,0x000000002e500000)]
  0x000000002493d000 JavaThread "stderr" [_thread_in_native, id=6012, stack(0x000000002e300000,0x000000002e400000)]
  0x000000002493b800 JavaThread "pool-4-thread-1" [_thread_blocked, id=3336, stack(0x000000002e200000,0x000000002e300000)]
  0x0000000024934000 JavaThread "MarlinRenderer Disposer" daemon [_thread_blocked, id=636, stack(0x000000002de80000,0x000000002df80000)]
  0x0000000024938800 JavaThread "Java2D Disposer" daemon [_thread_blocked, id=13076, stack(0x000000002db30000,0x000000002dc30000)]
  0x0000000024933000 JavaThread "WorkerExecutor Queue Thread 4" [_thread_blocked, id=10048, stack(0x000000002da30000,0x000000002db30000)]
  0x0000000024931000 JavaThread "WorkerExecutor Queue Thread 3" [_thread_blocked, id=6496, stack(0x000000002d930000,0x000000002da30000)]
  0x0000000024937800 JavaThread "WorkerExecutor Queue Thread 2" [_thread_blocked, id=9992, stack(0x000000002d830000,0x000000002d930000)]
  0x0000000024930000 JavaThread "WorkerExecutor Queue" [_thread_blocked, id=2296, stack(0x000000002d730000,0x000000002d830000)]
  0x0000000024936000 JavaThread "Cache worker for execution history cache (E:\PROJECT MON HOC\ANDROID\Demoandroid\.gradle\6.5\executionHistory)" [_thread_blocked, id=8836, stack(0x000000002d430000,0x000000002d530000)]
  0x000000001b074800 JavaThread "Execution worker for ':' Thread 3" [_thread_blocked, id=11192, stack(0x000000002d330000,0x000000002d430000)]
  0x000000001b3de800 JavaThread "Execution worker for ':' Thread 2" [_thread_blocked, id=840, stack(0x000000002d230000,0x000000002d330000)]
  0x000000001b3d8000 JavaThread "Execution worker for ':'" [_thread_blocked, id=7156, stack(0x000000002d130000,0x000000002d230000)]
  0x000000001e810000 JavaThread "Cache worker for file content cache (E:\PROJECT MON HOC\ANDROID\Demoandroid\.gradle\6.5\fileContent)" [_thread_blocked, id=9440, stack(0x000000002c530000,0x000000002c630000)]
  0x000000001e80e800 JavaThread "Cache worker for Build Output Cleanup Cache (E:\PROJECT MON HOC\ANDROID\Demoandroid\.gradle\buildOutputCleanup)" [_thread_blocked, id=9752, stack(0x000000002c0e0000,0x000000002c1e0000)]
  0x00000000201f1000 JavaThread "Build operations Thread 4" [_thread_in_Java, id=3888, stack(0x000000002bfe0000,0x000000002c0e0000)]
  0x00000000201ea000 JavaThread "Build operations Thread 3" [_thread_in_Java, id=5536, stack(0x0000000025470000,0x0000000025570000)]
  0x00000000201e9800 JavaThread "Build operations Thread 2" [_thread_in_native, id=7200, stack(0x0000000025370000,0x0000000025470000)]
  0x00000000201eb000 JavaThread "Build operations" [_thread_blocked, id=8700, stack(0x00000000241e0000,0x00000000242e0000)]
  0x00000000201f0000 JavaThread "Cache worker for cache directory md-rule (C:\Users\knmar\.gradle\caches\6.5\md-rule)" [_thread_blocked, id=4920, stack(0x0000000023e90000,0x0000000023f90000)]
  0x000000002a2ec800 JavaThread "Cache worker for cache directory md-supplier (C:\Users\knmar\.gradle\caches\6.5\md-supplier)" [_thread_blocked, id=11704, stack(0x0000000023370000,0x0000000023470000)]
  0x000000002a2f1000 JavaThread "Cache worker for checksums cache (E:\PROJECT MON HOC\ANDROID\Demoandroid\.gradle\checksums)" [_thread_blocked, id=912, stack(0x0000000022870000,0x0000000022970000)]
  0x000000002a2ef800 JavaThread "Cache worker for file hash cache (E:\PROJECT MON HOC\ANDROID\Demoandroid\.gradle\6.5\fileHashes)" [_thread_blocked, id=9572, stack(0x000000001d610000,0x000000001d710000)]
  0x000000002a2f2000 JavaThread "Thread-124" [_thread_blocked, id=6956, stack(0x000000001d110000,0x000000001d210000)]
  0x000000002a2f0800 JavaThread "Stdin handler" [_thread_blocked, id=14860, stack(0x000000001d010000,0x000000001d110000)]
  0x000000002a2ee000 JavaThread "Asynchronous log dispatcher for DefaultDaemonConnection: socket connection from /127.0.0.1:65530 to /127.0.0.1:49155" [_thread_blocked, id=988, stack(0x000000001cf10000,0x000000001d010000)]
  0x000000002a2ef000 JavaThread "Cancel handler" [_thread_blocked, id=12600, stack(0x000000001cd10000,0x000000001ce10000)]
  0x000000002a2ed800 JavaThread "Handler for socket connection from /127.0.0.1:65530 to /127.0.0.1:49155" [_thread_in_native, id=13104, stack(0x000000001cc10000,0x000000001cd10000)]
  0x000000002a2f3800 JavaThread "Memory manager" [_thread_blocked, id=2292, stack(0x000000002ba40000,0x000000002bb40000)]
  0x000000001e80d000 JavaThread "jar transforms Thread 92" [_thread_blocked, id=9616, stack(0x0000000029770000,0x0000000029870000)]
  0x000000001e80f800 JavaThread "jar transforms Thread 91" [_thread_blocked, id=13156, stack(0x0000000029670000,0x0000000029770000)]
  0x000000001e80b800 JavaThread "jar transforms Thread 90" [_thread_blocked, id=7500, stack(0x0000000029570000,0x0000000029670000)]
  0x000000001e804000 JavaThread "jar transforms Thread 89" [_thread_blocked, id=6028, stack(0x0000000029470000,0x0000000029570000)]
  0x000000001e80b000 JavaThread "jar transforms Thread 88" [_thread_blocked, id=14736, stack(0x0000000029370000,0x0000000029470000)]
  0x000000001e803800 JavaThread "jar transforms Thread 87" [_thread_blocked, id=15280, stack(0x0000000029270000,0x0000000029370000)]
  0x000000001e80a000 JavaThread "jar transforms Thread 86" [_thread_blocked, id=9144, stack(0x0000000029170000,0x0000000029270000)]
  0x000000001e809800 JavaThread "jar transforms Thread 85" [_thread_blocked, id=5192, stack(0x0000000029070000,0x0000000029170000)]
  0x000000001e802000 JavaThread "jar transforms Thread 84" [_thread_blocked, id=11840, stack(0x0000000028f70000,0x0000000029070000)]
  0x000000001e808800 JavaThread "jar transforms Thread 83" [_thread_blocked, id=10328, stack(0x0000000028e70000,0x0000000028f70000)]
  0x000000001e802800 JavaThread "jar transforms Thread 82" [_thread_blocked, id=13336, stack(0x0000000028d70000,0x0000000028e70000)]
  0x000000001e805000 JavaThread "jar transforms Thread 81" [_thread_blocked, id=7280, stack(0x0000000028c70000,0x0000000028d70000)]
  0x000000001e805800 JavaThread "jar transforms Thread 80" [_thread_blocked, id=2556, stack(0x0000000028b70000,0x0000000028c70000)]
  0x000000001e801000 JavaThread "jar transforms Thread 79" [_thread_blocked, id=3284, stack(0x0000000028a70000,0x0000000028b70000)]
  0x000000001e808000 JavaThread "jar transforms Thread 78" [_thread_blocked, id=2760, stack(0x0000000028970000,0x0000000028a70000)]
  0x000000001e806800 JavaThread "jar transforms Thread 77" [_thread_blocked, id=11056, stack(0x0000000028870000,0x0000000028970000)]
  0x000000001e807000 JavaThread "jar transforms Thread 76" [_thread_blocked, id=2752, stack(0x0000000028770000,0x0000000028870000)]
  0x0000000020e4c800 JavaThread "jar transforms Thread 75" [_thread_blocked, id=4036, stack(0x0000000028670000,0x0000000028770000)]
  0x0000000020e4b800 JavaThread "jar transforms Thread 74" [_thread_blocked, id=2648, stack(0x0000000028570000,0x0000000028670000)]
  0x0000000020e4b000 JavaThread "jar transforms Thread 73" [_thread_blocked, id=5712, stack(0x0000000028470000,0x0000000028570000)]
  0x0000000020e4a000 JavaThread "jar transforms Thread 72" [_thread_blocked, id=3316, stack(0x0000000028370000,0x0000000028470000)]
  0x0000000020e49800 JavaThread "jar transforms Thread 71" [_thread_blocked, id=3164, stack(0x0000000028270000,0x0000000028370000)]
  0x0000000020e48800 JavaThread "jar transforms Thread 70" [_thread_blocked, id=632, stack(0x0000000028170000,0x0000000028270000)]
  0x0000000020e48000 JavaThread "jar transforms Thread 69" [_thread_blocked, id=7540, stack(0x0000000028070000,0x0000000028170000)]
  0x0000000020e40800 JavaThread "jar transforms Thread 68" [_thread_blocked, id=5416, stack(0x0000000027f70000,0x0000000028070000)]
  0x0000000020e41000 JavaThread "jar transforms Thread 67" [_thread_blocked, id=12776, stack(0x0000000027e70000,0x0000000027f70000)]
  0x0000000020e47000 JavaThread "jar transforms Thread 66" [_thread_blocked, id=8112, stack(0x0000000027d70000,0x0000000027e70000)]
  0x0000000020e3f800 JavaThread "jar transforms Thread 65" [_thread_blocked, id=13776, stack(0x0000000027c70000,0x0000000027d70000)]
  0x0000000020e46800 JavaThread "jar transforms Thread 64" [_thread_blocked, id=11576, stack(0x0000000027b70000,0x0000000027c70000)]
  0x0000000020e45800 JavaThread "jar transforms Thread 63" [_thread_blocked, id=3736, stack(0x0000000027a70000,0x0000000027b70000)]
  0x0000000020e3e000 JavaThread "jar transforms Thread 62" [_thread_blocked, id=9416, stack(0x0000000027970000,0x0000000027a70000)]
  0x0000000020e45000 JavaThread "jar transforms Thread 61" [_thread_blocked, id=440, stack(0x0000000027870000,0x0000000027970000)]
  0x0000000020e3d800 JavaThread "jar transforms Thread 60" [_thread_blocked, id=14236, stack(0x0000000027770000,0x0000000027870000)]
  0x0000000020e42000 JavaThread "jar transforms Thread 59" [_thread_blocked, id=7388, stack(0x0000000027670000,0x0000000027770000)]
  0x0000000020e3f000 JavaThread "jar transforms Thread 58" [_thread_blocked, id=9056, stack(0x0000000027570000,0x0000000027670000)]
  0x0000000020e44000 JavaThread "jar transforms Thread 57" [_thread_blocked, id=15168, stack(0x0000000027470000,0x0000000027570000)]
  0x0000000020e42800 JavaThread "jar transforms Thread 56" [_thread_blocked, id=7476, stack(0x0000000027370000,0x0000000027470000)]
  0x0000000020e43800 JavaThread "jar transforms Thread 55" [_thread_blocked, id=1848, stack(0x0000000027270000,0x0000000027370000)]
  0x000000001b87f800 JavaThread "jar transforms Thread 54" [_thread_blocked, id=972, stack(0x0000000027170000,0x0000000027270000)]
  0x000000001b880800 JavaThread "jar transforms Thread 53" [_thread_blocked, id=13256, stack(0x0000000027070000,0x0000000027170000)]
  0x000000001b87f000 JavaThread "jar transforms Thread 52" [_thread_blocked, id=14952, stack(0x0000000026f70000,0x0000000027070000)]
  0x000000001b882000 JavaThread "jar transforms Thread 51" [_thread_blocked, id=2412, stack(0x0000000026e70000,0x0000000026f70000)]
  0x000000001b881000 JavaThread "jar transforms Thread 50" [_thread_blocked, id=7604, stack(0x0000000026d70000,0x0000000026e70000)]
  0x000000001b877800 JavaThread "jar transforms Thread 49" [_thread_blocked, id=10540, stack(0x0000000026c70000,0x0000000026d70000)]
  0x000000001b87e000 JavaThread "jar transforms Thread 48" [_thread_blocked, id=3976, stack(0x0000000026b70000,0x0000000026c70000)]
  0x000000001b876800 JavaThread "jar transforms Thread 47" [_thread_blocked, id=7728, stack(0x0000000026a70000,0x0000000026b70000)]
  0x000000001b87d800 JavaThread "jar transforms Thread 46" [_thread_blocked, id=9120, stack(0x0000000026970000,0x0000000026a70000)]
  0x000000001b876000 JavaThread "jar transforms Thread 45" [_thread_blocked, id=1692, stack(0x0000000026870000,0x0000000026970000)]
  0x000000001b87c800 JavaThread "jar transforms Thread 44" [_thread_blocked, id=14144, stack(0x0000000026770000,0x0000000026870000)]
  0x000000001b878000 JavaThread "jar transforms Thread 43" [_thread_blocked, id=4132, stack(0x0000000026670000,0x0000000026770000)]
  0x000000001b875000 JavaThread "jar transforms Thread 42" [_thread_blocked, id=9700, stack(0x0000000026570000,0x0000000026670000)]
  0x000000001b87c000 JavaThread "jar transforms Thread 41" [_thread_blocked, id=11648, stack(0x0000000026470000,0x0000000026570000)]
  0x000000001b87b000 JavaThread "jar transforms Thread 40" [_thread_blocked, id=1992, stack(0x0000000026370000,0x0000000026470000)]
  0x000000001b87a800 JavaThread "jar transforms Thread 39" [_thread_blocked, id=12464, stack(0x0000000026270000,0x0000000026370000)]
  0x000000001b879800 JavaThread "jar transforms Thread 38" [_thread_blocked, id=3844, stack(0x0000000026170000,0x0000000026270000)]
  0x000000001b874800 JavaThread "jar transforms Thread 37" [_thread_blocked, id=14092, stack(0x0000000026070000,0x0000000026170000)]
  0x000000001b873800 JavaThread "jar transforms Thread 36" [_thread_blocked, id=8544, stack(0x0000000025f70000,0x0000000026070000)]
  0x000000001b873000 JavaThread "jar transforms Thread 35" [_thread_blocked, id=12004, stack(0x0000000025e70000,0x0000000025f70000)]
  0x000000001b879000 JavaThread "jar transforms Thread 34" [_thread_blocked, id=1276, stack(0x0000000025d70000,0x0000000025e70000)]
  0x00000000201f6000 JavaThread "jar transforms Thread 33" [_thread_blocked, id=11804, stack(0x0000000025c70000,0x0000000025d70000)]
  0x00000000201f2800 JavaThread "jar transforms Thread 32" [_thread_blocked, id=1676, stack(0x0000000025b70000,0x0000000025c70000)]
  0x00000000201f1800 JavaThread "jar transforms Thread 31" [_thread_blocked, id=12396, stack(0x0000000025a70000,0x0000000025b70000)]
  0x00000000201f7800 JavaThread "jar transforms Thread 30" [_thread_blocked, id=10596, stack(0x0000000025970000,0x0000000025a70000)]
  0x00000000201f4000 JavaThread "jar transforms Thread 29" [_thread_blocked, id=104, stack(0x0000000025870000,0x0000000025970000)]
  0x00000000201f5800 JavaThread "jar transforms Thread 28" [_thread_blocked, id=4104, stack(0x0000000025770000,0x0000000025870000)]
  0x00000000201f3000 JavaThread "jar transforms Thread 27" [_thread_blocked, id=12420, stack(0x0000000025670000,0x0000000025770000)]
  0x00000000201f4800 JavaThread "jar transforms Thread 26" [_thread_blocked, id=9088, stack(0x0000000025570000,0x0000000025670000)]
  0x00000000201ed000 JavaThread "Cache worker for file content cache (C:\Users\knmar\.gradle\caches\6.5\fileContent)" [_thread_blocked, id=6576, stack(0x0000000023270000,0x0000000023370000)]
  0x00000000201ef800 JavaThread "Cache worker for execution history cache (C:\Users\knmar\.gradle\caches\6.5\executionHistory)" [_thread_blocked, id=8768, stack(0x0000000022d70000,0x0000000022e70000)]
  0x000000001b3da000 JavaThread "jar transforms Thread 25" [_thread_blocked, id=3312, stack(0x0000000022470000,0x0000000022570000)]
  0x000000001b3de000 JavaThread "jar transforms Thread 24" [_thread_blocked, id=9364, stack(0x0000000022370000,0x0000000022470000)]
  0x000000001b3dc800 JavaThread "jar transforms Thread 23" [_thread_blocked, id=5832, stack(0x0000000022270000,0x0000000022370000)]
  0x000000001b3d6800 JavaThread "jar transforms Thread 22" [_thread_blocked, id=2728, stack(0x0000000022170000,0x0000000022270000)]
  0x000000001b3d7000 JavaThread "jar transforms Thread 21" [_thread_blocked, id=5088, stack(0x0000000022070000,0x0000000022170000)]
  0x000000001b3dd000 JavaThread "jar transforms Thread 20" [_thread_blocked, id=10704, stack(0x0000000021f70000,0x0000000022070000)]
  0x000000001b3d8800 JavaThread "jar transforms Thread 19" [_thread_blocked, id=10116, stack(0x0000000021e70000,0x0000000021f70000)]
  0x000000001b3d9800 JavaThread "jar transforms Thread 18" [_thread_blocked, id=2680, stack(0x0000000021d70000,0x0000000021e70000)]
  0x000000001b3db800 JavaThread "jar transforms Thread 17" [_thread_blocked, id=7996, stack(0x0000000021c70000,0x0000000021d70000)]
  0x000000001b3d4000 JavaThread "jar transforms Thread 16" [_thread_blocked, id=10248, stack(0x0000000021b70000,0x0000000021c70000)]
  0x000000001b3db000 JavaThread "jar transforms Thread 15" [_thread_blocked, id=13976, stack(0x0000000021a70000,0x0000000021b70000)]
  0x000000001b3d5800 JavaThread "jar transforms Thread 14" [_thread_blocked, id=11740, stack(0x0000000021970000,0x0000000021a70000)]
  0x000000001b3d5000 JavaThread "jar transforms Thread 13" [_thread_blocked, id=9048, stack(0x0000000021870000,0x0000000021970000)]
  0x000000001b3cf800 JavaThread "jar transforms Thread 12" [_thread_blocked, id=5668, stack(0x0000000021770000,0x0000000021870000)]
  0x000000001b3d3800 JavaThread "jar transforms Thread 11" [_thread_blocked, id=6768, stack(0x0000000021670000,0x0000000021770000)]
  0x000000001b3d2000 JavaThread "jar transforms Thread 10" [_thread_blocked, id=12736, stack(0x0000000021570000,0x0000000021670000)]
  0x000000001b3d1000 JavaThread "jar transforms Thread 9" [_thread_blocked, id=5448, stack(0x0000000021470000,0x0000000021570000)]
  0x000000001b3d0800 JavaThread "jar transforms Thread 8" [_thread_blocked, id=2316, stack(0x0000000021370000,0x0000000021470000)]
  0x000000001b3d2800 JavaThread "jar transforms Thread 7" [_thread_blocked, id=7988, stack(0x0000000021270000,0x0000000021370000)]
  0x000000001b076800 JavaThread "jar transforms Thread 6" [_thread_blocked, id=8124, stack(0x000000001fea0000,0x000000001ffa0000)]
  0x000000001b076000 JavaThread "jar transforms Thread 5" [_thread_blocked, id=960, stack(0x000000001fda0000,0x000000001fea0000)]
  0x000000001b075000 JavaThread "jar transforms Thread 4" [_thread_blocked, id=12232, stack(0x000000001eb10000,0x000000001ec10000)]
  0x000000001b07a800 JavaThread "jar transforms Thread 3" [_thread_blocked, id=2584, stack(0x000000001ea10000,0x000000001eb10000)]
  0x000000001b077800 JavaThread "jar transforms Thread 2" [_thread_blocked, id=13604, stack(0x0000000021170000,0x0000000021270000)]
  0x000000001b079800 JavaThread "jar transforms" [_thread_blocked, id=2356, stack(0x000000001ecd0000,0x000000001edd0000)]
  0x000000001b078000 JavaThread "Cache worker for file hash cache (C:\Users\knmar\.gradle\caches\6.5\fileHashes)" [_thread_blocked, id=7740, stack(0x000000001d740000,0x000000001d840000)]
  0x000000001b079000 JavaThread "File lock request listener" [_thread_in_native, id=13376, stack(0x000000001d510000,0x000000001d610000)]
  0x000000001b3a6800 JavaThread "Cache worker for journal cache (C:\Users\knmar\.gradle\caches\journal-1)" [_thread_blocked, id=13384, stack(0x000000001d410000,0x000000001d510000)]
  0x0000000019abf800 JavaThread "Daemon worker" [_thread_blocked, id=11232, stack(0x000000001ce10000,0x000000001cf10000)]
  0x000000001b173800 JavaThread "Daemon" [_thread_blocked, id=12988, stack(0x000000001c910000,0x000000001ca10000)]
  0x000000001b16f800 JavaThread "Daemon periodic checks" [_thread_blocked, id=6816, stack(0x000000001c810000,0x000000001c910000)]
  0x000000001b11b800 JavaThread "Incoming local TCP Connector on port 65530" [_thread_in_native, id=8172, stack(0x000000001c5d0000,0x000000001c6d0000)]
  0x000000001b00a000 JavaThread "Daemon health stats" [_thread_blocked, id=4040, stack(0x000000001bf90000,0x000000001c090000)]
  0x00000000176dd000 JavaThread "Service Thread" daemon [_thread_blocked, id=9344, stack(0x00000000193f0000,0x00000000194f0000)]
=>0x00000000176b2000 JavaThread "C1 CompilerThread2" daemon [_thread_in_native, id=11848, stack(0x0000000018ef0000,0x0000000018ff0000)]
  0x0000000017694000 JavaThread "C2 CompilerThread1" daemon [_thread_in_native, id=6036, stack(0x0000000018df0000,0x0000000018ef0000)]
  0x0000000017685800 JavaThread "C2 CompilerThread0" daemon [_thread_in_native, id=10020, stack(0x0000000018cf0000,0x0000000018df0000)]
  0x0000000017684000 JavaThread "Attach Listener" daemon [_thread_blocked, id=13176, stack(0x0000000018bf0000,0x0000000018cf0000)]
  0x0000000017680800 JavaThread "Signal Dispatcher" daemon [_thread_blocked, id=1240, stack(0x0000000018af0000,0x0000000018bf0000)]
  0x0000000002a5b000 JavaThread "Finalizer" daemon [_thread_blocked, id=5148, stack(0x00000000188f0000,0x00000000189f0000)]
  0x0000000017669000 JavaThread "Reference Handler" daemon [_thread_blocked, id=13152, stack(0x00000000187f0000,0x00000000188f0000)]
  0x000000000295e000 JavaThread "main" [_thread_blocked, id=5184, stack(0x00000000027d0000,0x00000000028d0000)]

Other Threads:
  0x0000000017646800 VMThread [stack: 0x00000000186f0000,0x00000000187f0000] [id=14876]
  0x0000000019027000 WatcherThread [stack: 0x00000000194f0000,0x00000000195f0000] [id=14720]

VM state:not at safepoint (normal execution)

VM Mutex/Monitor currently owned by a thread: None

heap address: 0x0000000080000000, size: 2048 MB, Compressed Oops mode: 32-bit
Narrow klass base: 0x0000000000000000, Narrow klass shift: 3
Compressed class space size: 1073741824 Address: 0x0000000100000000

Heap:
 PSYoungGen      total 275456K, used 256825K [0x00000000d5580000, 0x00000000eb000000, 0x0000000100000000)
  eden space 234496K, 96% used [0x00000000d5580000,0x00000000e33370a0,0x00000000e3a80000)
  from space 40960K, 72% used [0x00000000e3a80000,0x00000000e57976d0,0x00000000e6280000)
  to   space 43008K, 0% used [0x00000000e8600000,0x00000000e8600000,0x00000000eb000000)
 ParOldGen       total 214528K, used 67685K [0x0000000080000000, 0x000000008d180000, 0x00000000d5580000)
  object space 214528K, 31% used [0x0000000080000000,0x0000000084219688,0x000000008d180000)
 Metaspace       used 101762K, capacity 107411K, committed 107480K, reserved 1142784K
  class space    used 13421K, capacity 14537K, committed 14592K, reserved 1048576K

Card table byte_map: [0x0000000011e20000,0x0000000012230000] byte_map_base: 0x0000000011a20000

Marking Bits: (ParMarkBitMap*) 0x000000005e82f030
 Begin Bits: [0x00000000128e0000, 0x00000000148e0000)
 End Bits:   [0x00000000148e0000, 0x00000000168e0000)

Polling page: 0x00000000027b0000

CodeCache: size=245760Kb used=46862Kb max_used=46862Kb free=198898Kb
 bounds [0x0000000002a60000, 0x0000000005860000, 0x0000000011a60000]
 total_blobs=15178 nmethods=14191 adapters=896
 compilation: enabled

Compilation events (10 events):
Event: 64.416 Thread 0x00000000176b2000 nmethod 16296 0x000000000584f6d0 code [0x000000000584f860, 0x000000000584fba8]
Event: 64.422 Thread 0x00000000176b2000 16297       2       com.android.tools.r8.ir.conversion.N::r (94 bytes)
Event: 64.423 Thread 0x00000000176b2000 nmethod 16297 0x000000000584fd90 code [0x000000000584ff60, 0x00000000058502d8]
Event: 64.432 Thread 0x00000000176b2000 16300       1       com.android.tools.r8.s.b.E::I2 (3 bytes)
Event: 64.432 Thread 0x00000000176b2000 nmethod 16300 0x0000000005850610 code [0x0000000005850760, 0x0000000005850870]
Event: 64.432 Thread 0x00000000176b2000 16301       2       com.android.tools.r8.s.b.E::a (4 bytes)
Event: 64.433 Thread 0x00000000176b2000 nmethod 16301 0x00000000058508d0 code [0x0000000005850a20, 0x0000000005850b70]
Event: 64.437 Thread 0x00000000176b2000 16302       2       com.android.tools.r8.graph.C::b (41 bytes)
Event: 64.438 Thread 0x00000000176b2000 nmethod 16302 0x0000000005850c10 code [0x0000000005850de0, 0x0000000005851618]
Event: 64.441 Thread 0x00000000176b2000 16303 %     3       com.android.tools.r8.ir.optimize.l::r @ 8 (2050 bytes)

GC Heap History (10 events):
Event: 52.385 GC heap before
{Heap before GC invocations=19 (full 3):
 PSYoungGen      total 205824K, used 205805K [0x00000000d5580000, 0x00000000e6280000, 0x0000000100000000)
  eden space 182272K, 100% used [0x00000000d5580000,0x00000000e0780000,0x00000000e0780000)
  from space 23552K, 99% used [0x00000000e0780000,0x00000000e1e7b648,0x00000000e1e80000)
  to   space 30208K, 0% used [0x00000000e4500000,0x00000000e4500000,0x00000000e6280000)
 ParOldGen       total 138240K, used 44816K [0x0000000080000000, 0x0000000088700000, 0x00000000d5580000)
  object space 138240K, 32% used [0x0000000080000000,0x0000000082bc4078,0x0000000088700000)
 Metaspace       used 91528K, capacity 95872K, committed 96216K, reserved 1132544K
  class space    used 12062K, capacity 12975K, committed 13056K, reserved 1048576K
Event: 52.541 GC heap after
Heap after GC invocations=19 (full 3):
 PSYoungGen      total 242688K, used 23868K [0x00000000d5580000, 0x00000000e6700000, 0x0000000100000000)
  eden space 212480K, 0% used [0x00000000d5580000,0x00000000d5580000,0x00000000e2500000)
  from space 30208K, 79% used [0x00000000e4500000,0x00000000e5c4f0e0,0x00000000e6280000)
  to   space 32768K, 0% used [0x00000000e2500000,0x00000000e2500000,0x00000000e4500000)
 ParOldGen       total 138240K, used 51777K [0x0000000080000000, 0x0000000088700000, 0x00000000d5580000)
  object space 138240K, 37% used [0x0000000080000000,0x00000000832905f8,0x0000000088700000)
 Metaspace       used 91528K, capacity 95872K, committed 96216K, reserved 1132544K
  class space    used 12062K, capacity 12975K, committed 13056K, reserved 1048576K
}
Event: 56.457 GC heap before
{Heap before GC invocations=20 (full 3):
 PSYoungGen      total 242688K, used 157896K [0x00000000d5580000, 0x00000000e6700000, 0x0000000100000000)
  eden space 212480K, 63% used [0x00000000d5580000,0x00000000dd863020,0x00000000e2500000)
  from space 30208K, 79% used [0x00000000e4500000,0x00000000e5c4f0e0,0x00000000e6280000)
  to   space 32768K, 0% used [0x00000000e2500000,0x00000000e2500000,0x00000000e4500000)
 ParOldGen       total 138240K, used 51777K [0x0000000080000000, 0x0000000088700000, 0x00000000d5580000)
  object space 138240K, 37% used [0x0000000080000000,0x00000000832905f8,0x0000000088700000)
 Metaspace       used 93730K, capacity 98347K, committed 98380K, reserved 1134592K
  class space    used 12343K, capacity 13279K, committed 13312K, reserved 1048576K
Event: 56.492 GC heap after
Heap after GC invocations=20 (full 3):
 PSYoungGen      total 245248K, used 32749K [0x00000000d5580000, 0x00000000e8880000, 0x0000000100000000)
  eden space 212480K, 0% used [0x00000000d5580000,0x00000000d5580000,0x00000000e2500000)
  from space 32768K, 99% used [0x00000000e2500000,0x00000000e44fb598,0x00000000e4500000)
  to   space 38912K, 0% used [0x00000000e6280000,0x00000000e6280000,0x00000000e8880000)
 ParOldGen       total 138240K, used 55007K [0x0000000080000000, 0x0000000088700000, 0x00000000d5580000)
  object space 138240K, 39% used [0x0000000080000000,0x00000000835b7e08,0x0000000088700000)
 Metaspace       used 93730K, capacity 98347K, committed 98380K, reserved 1134592K
  class space    used 12343K, capacity 13279K, committed 13312K, reserved 1048576K
}
Event: 56.541 GC heap before
{Heap before GC invocations=21 (full 4):
 PSYoungGen      total 245248K, used 32749K [0x00000000d5580000, 0x00000000e8880000, 0x0000000100000000)
  eden space 212480K, 0% used [0x00000000d5580000,0x00000000d5580000,0x00000000e2500000)
  from space 32768K, 99% used [0x00000000e2500000,0x00000000e44fb598,0x00000000e4500000)
  to   space 38912K, 0% used [0x00000000e6280000,0x00000000e6280000,0x00000000e8880000)
 ParOldGen       total 138240K, used 55007K [0x0000000080000000, 0x0000000088700000, 0x00000000d5580000)
  object space 138240K, 39% used [0x0000000080000000,0x00000000835b7e08,0x0000000088700000)
 Metaspace       used 93730K, capacity 98347K, committed 98380K, reserved 1134592K
  class space    used 12343K, capacity 13279K, committed 13312K, reserved 1048576K
Event: 57.656 GC heap after
Heap after GC invocations=21 (full 4):
 PSYoungGen      total 245248K, used 0K [0x00000000d5580000, 0x00000000e8880000, 0x0000000100000000)
  eden space 212480K, 0% used [0x00000000d5580000,0x00000000d5580000,0x00000000e2500000)
  from space 32768K, 0% used [0x00000000e2500000,0x00000000e2500000,0x00000000e4500000)
  to   space 38912K, 0% used [0x00000000e6280000,0x00000000e6280000,0x00000000e8880000)
 ParOldGen       total 214528K, used 67669K [0x0000000080000000, 0x000000008d180000, 0x00000000d5580000)
  object space 214528K, 31% used [0x0000000080000000,0x0000000084215688,0x000000008d180000)
 Metaspace       used 93656K, capacity 98125K, committed 98380K, reserved 1134592K
  class space    used 12318K, capacity 13236K, committed 13312K, reserved 1048576K
}
Event: 61.753 GC heap before
{Heap before GC invocations=22 (full 4):
 PSYoungGen      total 245248K, used 212480K [0x00000000d5580000, 0x00000000e8880000, 0x0000000100000000)
  eden space 212480K, 100% used [0x00000000d5580000,0x00000000e2500000,0x00000000e2500000)
  from space 32768K, 0% used [0x00000000e2500000,0x00000000e2500000,0x00000000e4500000)
  to   space 38912K, 0% used [0x00000000e6280000,0x00000000e6280000,0x00000000e8880000)
 ParOldGen       total 214528K, used 67669K [0x0000000080000000, 0x000000008d180000, 0x00000000d5580000)
  object space 214528K, 31% used [0x0000000080000000,0x0000000084215688,0x000000008d180000)
 Metaspace       used 100044K, capacity 105235K, committed 105432K, reserved 1140736K
  class space    used 13217K, capacity 14263K, committed 14336K, reserved 1048576K
Event: 61.825 GC heap after
Heap after GC invocations=22 (full 4):
 PSYoungGen      total 273408K, used 28122K [0x00000000d5580000, 0x00000000e8e00000, 0x0000000100000000)
  eden space 234496K, 0% used [0x00000000d5580000,0x00000000d5580000,0x00000000e3a80000)
  from space 38912K, 72% used [0x00000000e6280000,0x00000000e7df6a88,0x00000000e8880000)
  to   space 40960K, 0% used [0x00000000e3a80000,0x00000000e3a80000,0x00000000e6280000)
 ParOldGen       total 214528K, used 67677K [0x0000000080000000, 0x000000008d180000, 0x00000000d5580000)
  object space 214528K, 31% used [0x0000000080000000,0x0000000084217688,0x000000008d180000)
 Metaspace       used 100044K, capacity 105235K, committed 105432K, reserved 1140736K
  class space    used 13217K, capacity 14263K, committed 14336K, reserved 1048576K
}
Event: 63.604 GC heap before
{Heap before GC invocations=23 (full 4):
 PSYoungGen      total 273408K, used 262618K [0x00000000d5580000, 0x00000000e8e00000, 0x0000000100000000)
  eden space 234496K, 100% used [0x00000000d5580000,0x00000000e3a80000,0x00000000e3a80000)
  from space 38912K, 72% used [0x00000000e6280000,0x00000000e7df6a88,0x00000000e8880000)
  to   space 40960K, 0% used [0x00000000e3a80000,0x00000000e3a80000,0x00000000e6280000)
 ParOldGen       total 214528K, used 67677K [0x0000000080000000, 0x000000008d180000, 0x00000000d5580000)
  object space 214528K, 31% used [0x0000000080000000,0x0000000084217688,0x000000008d180000)
 Metaspace       used 101592K, capacity 107189K, committed 107480K, reserved 1142784K
  class space    used 13397K, capacity 14496K, committed 14592K, reserved 1048576K
Event: 63.657 GC heap after
Heap after GC invocations=23 (full 4):
 PSYoungGen      total 275456K, used 29789K [0x00000000d5580000, 0x00000000eb000000, 0x0000000100000000)
  eden space 234496K, 0% used [0x00000000d5580000,0x00000000d5580000,0x00000000e3a80000)
  from space 40960K, 72% used [0x00000000e3a80000,0x00000000e57976d0,0x00000000e6280000)
  to   space 43008K, 0% used [0x00000000e8600000,0x00000000e8600000,0x00000000eb000000)
 ParOldGen       total 214528K, used 67685K [0x0000000080000000, 0x000000008d180000, 0x00000000d5580000)
  object space 214528K, 31% used [0x0000000080000000,0x0000000084219688,0x000000008d180000)
 Metaspace       used 101592K, capacity 107189K, committed 107480K, reserved 1142784K
  class space    used 13397K, capacity 14496K, committed 14592K, reserved 1048576K
}

Deoptimization events (10 events):
Event: 62.823 Thread 0x00000000201ea000 Uncommon trap: reason=class_check action=maybe_recompile pc=0x00000000057232e0 method=com.android.tools.r8.s.b.o.c(Lcom/android/tools/r8/s/b/o;)Z @ 29
Event: 62.823 Thread 0x00000000201ea000 Uncommon trap: reason=class_check action=maybe_recompile pc=0x00000000057232e0 method=com.android.tools.r8.s.b.o.c(Lcom/android/tools/r8/s/b/o;)Z @ 29
Event: 62.823 Thread 0x00000000201ea000 Uncommon trap: reason=class_check action=maybe_recompile pc=0x00000000057232e0 method=com.android.tools.r8.s.b.o.c(Lcom/android/tools/r8/s/b/o;)Z @ 29
Event: 62.914 Thread 0x00000000201f1000 Uncommon trap: reason=unstable_if action=reinterpret pc=0x0000000005026390 method=com.android.tools.r8.graph.I0$c.a()V @ 390
Event: 63.476 Thread 0x00000000201ea000 Uncommon trap: reason=unstable_if action=reinterpret pc=0x00000000053b0544 method=com.android.tools.r8.t.a.a.a.h.Z0.a(Ljava/lang/Object;)I @ 52
Event: 63.499 Thread 0x00000000201ea000 Uncommon trap: reason=array_check action=maybe_recompile pc=0x0000000005273fbc method=java.util.TimSort.binarySort([Ljava/lang/Object;IIILjava/util/Comparator;)V @ 193
Event: 63.499 Thread 0x00000000201ea000 Uncommon trap: reason=array_check action=maybe_recompile pc=0x0000000005273fbc method=java.util.TimSort.binarySort([Ljava/lang/Object;IIILjava/util/Comparator;)V @ 193
Event: 63.521 Thread 0x00000000201ea000 Uncommon trap: reason=unstable_if action=reinterpret pc=0x0000000003458e18 method=com.android.tools.r8.utils.q1.a()Z @ 4
Event: 64.142 Thread 0x00000000201ea000 Uncommon trap: reason=unstable_if action=reinterpret pc=0x0000000004aba050 method=com.android.tools.r8.graph.I0$b.a(ILjava/lang/String;Ljava/lang/String;Ljava/lang/String;Ljava/lang/Object;)Lcom/android/tools/r8/z/a/a/n; @ 20
Event: 64.369 Thread 0x00000000201e9800 Uncommon trap: reason=unstable_if action=reinterpret pc=0x00000000053c25b8 method=com.android.tools.r8.s.b.W0.equals(Ljava/lang/Object;)Z @ 60

Classes redefined (0 events):
No events

Internal exceptions (10 events):
Event: 56.444 Thread 0x00000000201f1000 Exception <a 'sun/nio/fs/WindowsException'> (0x00000000dd6f8da8) thrown at [C:\src\AOSP-openjdk-git\hotspot\src\share\vm\prims\jni.cpp, line 710]
Event: 57.660 Thread 0x0000000024937800 Implicit null exception at 0x000000000430f63a to 0x0000000004312e55
Event: 58.102 Thread 0x00000000201e9800 Exception <a 'java/lang/IncompatibleClassChangeError': Found class java.lang.Object, but interface was expected> (0x00000000d763b4c0) thrown at [C:\src\AOSP-openjdk-git\hotspot\src\share\vm\interpreter\linkResolver.cpp, line 653]
Event: 58.276 Thread 0x00000000201ea000 Exception <a 'sun/nio/fs/WindowsException'> (0x00000000d9e625b8) thrown at [C:\src\AOSP-openjdk-git\hotspot\src\share\vm\prims\jni.cpp, line 710]
Event: 59.608 Thread 0x00000000201ea000 Exception <a 'java/lang/NoSuchMethodError': java.lang.Object.b(Lcom/android/tools/r8/graph/p1$b;)Lcom/android/tools/r8/graph/p1$b;> (0x00000000dbdf7328) thrown at [C:\src\AOSP-openjdk-git\hotspot\src\share\vm\interpreter\linkResolver.cpp, line 620]
Event: 59.751 Thread 0x00000000201f1000 Exception <a 'java/lang/NoSuchMethodError': java.lang.Object.lambda$maxBy$1(Ljava/util/Comparator;Ljava/lang/Object;Ljava/lang/Object;)Ljava/lang/Object;> (0x00000000dbfbd550) thrown at [C:\src\AOSP-openjdk-git\hotspot\src\share\vm\interpreter\linkResolve
Event: 59.751 Thread 0x00000000201ea000 Exception <a 'java/lang/NoSuchMethodError': java.lang.Object.lambda$maxBy$1(Ljava/util/Comparator;Ljava/lang/Object;Ljava/lang/Object;)Ljava/lang/Object;> (0x00000000dc058868) thrown at [C:\src\AOSP-openjdk-git\hotspot\src\share\vm\interpreter\linkResolve
Event: 59.751 Thread 0x00000000201e9800 Exception <a 'java/lang/NoSuchMethodError': java.lang.Object.lambda$maxBy$1(Ljava/util/Comparator;Ljava/lang/Object;Ljava/lang/Object;)Ljava/lang/Object;> (0x00000000dc0fabd8) thrown at [C:\src\AOSP-openjdk-git\hotspot\src\share\vm\interpreter\linkResolve
Event: 63.696 Thread 0x00000000201ea000 Exception <a 'sun/nio/fs/WindowsException'> (0x00000000d5d3eb50) thrown at [C:\src\AOSP-openjdk-git\hotspot\src\share\vm\prims\jni.cpp, line 710]
Event: 64.090 Thread 0x00000000201ea000 Exception <a 'sun/nio/fs/WindowsException'> (0x00000000da62d090) thrown at [C:\src\AOSP-openjdk-git\hotspot\src\share\vm\prims\jni.cpp, line 710]

Events (10 events):
Event: 64.378 loading class com/android/tools/r8/code/T3
Event: 64.378 loading class com/android/tools/r8/code/T3 done
Event: 64.378 loading class com/android/tools/r8/code/Q3
Event: 64.378 loading class com/android/tools/r8/code/Q3 done
Event: 64.379 loading class com/android/tools/r8/code/R3
Event: 64.379 loading class com/android/tools/r8/code/R3 done
Event: 64.379 loading class com/android/tools/r8/code/U3
Event: 64.379 loading class com/android/tools/r8/code/U3 done
Event: 64.410 Thread 0x00000000201ea000 DEOPT PACKING pc=0x0000000005123ca2 sp=0x00000000255696c0
Event: 64.410 Thread 0x00000000201ea000 DEOPT UNPACKING pc=0x0000000002aa75d0 sp=0x00000000255694a0 mode 0


Dynamic libraries:
0x00007ff6c6a40000 - 0x00007ff6c6a71000 	E:\PROJECT MON HOC\ANDROID\laptrinhanroid\jre\bin\java.exe
0x00007ffb06da0000 - 0x00007ffb06f90000 	C:\Windows\SYSTEM32\ntdll.dll
0x00007ffb06b80000 - 0x00007ffb06c32000 	C:\Windows\System32\KERNEL32.DLL
0x00007ffb04090000 - 0x00007ffb04335000 	C:\Windows\System32\KERNELBASE.dll
0x00007ffb064d0000 - 0x00007ffb06573000 	C:\Windows\System32\ADVAPI32.dll
0x00007ffb050c0000 - 0x00007ffb0515e000 	C:\Windows\System32\msvcrt.dll
0x00007ffb05f00000 - 0x00007ffb05f97000 	C:\Windows\System32\sechost.dll
0x00007ffb06c40000 - 0x00007ffb06d5f000 	C:\Windows\System32\RPCRT4.dll
0x00007ffb04f20000 - 0x00007ffb050b4000 	C:\Windows\System32\USER32.dll
0x00007ffb03e70000 - 0x00007ffb03e91000 	C:\Windows\System32\win32u.dll
0x00007ffb06010000 - 0x00007ffb06036000 	C:\Windows\System32\GDI32.dll
0x00007ffb04390000 - 0x00007ffb04528000 	C:\Windows\System32\gdi32full.dll
0x00007ffb04630000 - 0x00007ffb046ce000 	C:\Windows\System32\msvcp_win.dll
0x00007ffb04530000 - 0x00007ffb0462a000 	C:\Windows\System32\ucrtbase.dll
0x00007ffaf14a0000 - 0x00007ffaf1724000 	C:\Windows\WinSxS\amd64_microsoft.windows.common-controls_6595b64144ccf1df_6.0.18362.1316_none_9e7a364fe461dbd7\COMCTL32.dll
0x00007ffb05bc0000 - 0x00007ffb05ef7000 	C:\Windows\System32\combase.dll
0x00007ffb03ea0000 - 0x00007ffb03f21000 	C:\Windows\System32\bcryptPrimitives.dll
0x00007ffb06a90000 - 0x00007ffb06abe000 	C:\Windows\System32\IMM32.DLL
0x000000005df80000 - 0x000000005e052000 	E:\PROJECT MON HOC\ANDROID\laptrinhanroid\jre\jre\bin\msvcr100.dll
0x000000005e060000 - 0x000000005e8ab000 	E:\PROJECT MON HOC\ANDROID\laptrinhanroid\jre\jre\bin\server\jvm.dll
0x00007ffb05bb0000 - 0x00007ffb05bb8000 	C:\Windows\System32\PSAPI.DLL
0x00007ffb018b0000 - 0x00007ffb018d4000 	C:\Windows\SYSTEM32\WINMM.dll
0x00007ffafd3c0000 - 0x00007ffafd3ca000 	C:\Windows\SYSTEM32\VERSION.dll
0x00007ffaefe70000 - 0x00007ffaefe79000 	C:\Windows\SYSTEM32\WSOCK32.dll
0x00007ffb06040000 - 0x00007ffb060af000 	C:\Windows\System32\WS2_32.dll
0x00007ffb01880000 - 0x00007ffb018ad000 	C:\Windows\SYSTEM32\WINMMBASE.dll
0x00007ffb04340000 - 0x00007ffb0438a000 	C:\Windows\System32\cfgmgr32.dll
0x00007ffafe6d0000 - 0x00007ffafe6df000 	E:\PROJECT MON HOC\ANDROID\laptrinhanroid\jre\jre\bin\verify.dll
0x00007ffafdfc0000 - 0x00007ffafdfe9000 	E:\PROJECT MON HOC\ANDROID\laptrinhanroid\jre\jre\bin\java.dll
0x00007ffafe240000 - 0x00007ffafe256000 	E:\PROJECT MON HOC\ANDROID\laptrinhanroid\jre\jre\bin\zip.dll
0x00007ffb052a0000 - 0x00007ffb05988000 	C:\Windows\System32\SHELL32.dll
0x00007ffb05990000 - 0x00007ffb05a37000 	C:\Windows\System32\shcore.dll
0x00007ffb046d0000 - 0x00007ffb04e4b000 	C:\Windows\System32\windows.storage.dll
0x00007ffb03ca0000 - 0x00007ffb03cc3000 	C:\Windows\System32\profapi.dll
0x00007ffb03cd0000 - 0x00007ffb03d1a000 	C:\Windows\System32\powrprof.dll
0x00007ffb03c50000 - 0x00007ffb03c60000 	C:\Windows\System32\UMPDC.dll
0x00007ffb05fb0000 - 0x00007ffb06002000 	C:\Windows\System32\shlwapi.dll
0x00007ffb03c60000 - 0x00007ffb03c71000 	C:\Windows\System32\kernel.appcore.dll
0x00007ffb03f30000 - 0x00007ffb03f47000 	C:\Windows\System32\cryptsp.dll
0x00007ffafe1d0000 - 0x00007ffafe1ea000 	E:\PROJECT MON HOC\ANDROID\laptrinhanroid\jre\jre\bin\net.dll
0x00007ffb03430000 - 0x00007ffb03497000 	C:\Windows\system32\mswsock.dll
0x00007ffafdae0000 - 0x00007ffafdaf3000 	E:\PROJECT MON HOC\ANDROID\laptrinhanroid\jre\jre\bin\nio.dll
0x00007ffafdb40000 - 0x00007ffafdb67000 	C:\Users\knmar\.gradle\native\f6784746aeab05261644944871eae4fe03e0ef1612fff0a4a95f87b438bc6780\windows-amd64\native-platform.dll
0x00007ffafe050000 - 0x00007ffafe05d000 	E:\PROJECT MON HOC\ANDROID\laptrinhanroid\jre\jre\bin\management.dll
0x00007ffb02fb0000 - 0x00007ffb02fe3000 	C:\Windows\system32\rsaenh.dll
0x00007ffb04060000 - 0x00007ffb04086000 	C:\Windows\System32\bcrypt.dll
0x00007ffb03b30000 - 0x00007ffb03b55000 	C:\Windows\SYSTEM32\USERENV.dll
0x00007ffb03600000 - 0x00007ffb0360c000 	C:\Windows\SYSTEM32\CRYPTBASE.dll
0x00007ffb03140000 - 0x00007ffb0317a000 	C:\Windows\SYSTEM32\IPHLPAPI.DLL
0x00007ffb05ba0000 - 0x00007ffb05ba8000 	C:\Windows\System32\NSI.dll
0x00007ffaf4e90000 - 0x00007ffaf4ea6000 	C:\Windows\SYSTEM32\dhcpcsvc6.DLL
0x00007ffaf4ed0000 - 0x00007ffaf4eec000 	C:\Windows\SYSTEM32\dhcpcsvc.DLL
0x00007ffb03180000 - 0x00007ffb0324b000 	C:\Windows\SYSTEM32\DNSAPI.dll
0x00007ffaf52a0000 - 0x00007ffaf52ab000 	C:\Windows\SYSTEM32\WINNSI.DLL
0x00007ffaed6b0000 - 0x00007ffaed84c000 	E:\PROJECT MON HOC\ANDROID\laptrinhanroid\jre\jre\bin\awt.dll
0x00007ffb061a0000 - 0x00007ffb06265000 	C:\Windows\System32\OLEAUT32.dll
0x00007ffb01c80000 - 0x00007ffb01cad000 	C:\Windows\SYSTEM32\dwmapi.dll
0x00007ffb004f0000 - 0x00007ffb00ab0000 	C:\Windows\SYSTEM32\d2d1.dll
0x00007ffb01970000 - 0x00007ffb019ff000 	C:\Windows\SYSTEM32\apphelp.dll
0x00007ffb01b90000 - 0x00007ffb01c29000 	C:\Windows\system32\uxtheme.dll

VM Arguments:
jvm_args: -Xmx2048m -Dfile.encoding=UTF-8 -Duser.country=US -Duser.language=en -Duser.variant 
java_command: org.gradle.launcher.daemon.bootstrap.GradleDaemon 6.5
java_class_path (initial): C:\Users\knmar\.gradle\wrapper\dists\gradle-6.5-bin\6nifqtx7604sqp1q6g8wikw7p\gradle-6.5\lib\gradle-launcher-6.5.jar
Launcher Type: SUN_STANDARD

Environment Variables:
PATH=C:\Program Files\Common Files\Oracle\Java\javapath;C:\Windows\system32;C:\Windows;C:\Windows\System32\Wbem;C:\Windows\System32\WindowsPowerShell\v1.0\;C:\Windows\System32\OpenSSH\;C:\Users\knmar\AppData\Local\Microsoft\WindowsApps;
USERNAME=knmar
OS=Windows_NT
PROCESSOR_IDENTIFIER=Intel64 Family 6 Model 142 Stepping 9, GenuineIntel



---------------  S Y S T E M  ---------------

OS: Windows 10.0 , 64 bit Build 18362 (10.0.18362.1316)

CPU:total 4 (initial active 4) (2 cores per cpu, 2 threads per core) family 6 model 142 stepping 9, cmov, cx8, fxsr, mmx, sse, sse2, sse3, ssse3, sse4.1, sse4.2, popcnt, avx, avx2, aes, clmul, erms, 3dnowpref, lzcnt, ht, tsc, tscinvbit, bmi1, bmi2, adx

Memory: 4k page, physical 8251252k(408372k free), swap 12941172k(5172k free)

vm_info: OpenJDK 64-Bit Server VM (25.242-b01) for windows-amd64 JRE (1.8.0_242-release-1644-b01), built by "builder" with MS VC++ 10.0 (VS2010)

time: Sat Jan 16 20:18:25 2021
timezone: SE Asia Standard Time
elapsed time: 64 seconds (0d 0h 1m 4s)

